2024-04-03 16:36:32,147 INFO:main.py:240:print_splash_screen:PDB2PQR v3.6.2: biomolecular structure conversion software.
2024-04-03 16:36:32,147 INFO:main.py:242:print_splash_screen:Please cite:  Jurrus E, et al.  Improvements to the APBS biomolecular solvation software suite.  Protein Sci 27 112-128 (2018).
2024-04-03 16:36:32,147 INFO:main.py:242:print_splash_screen:Please cite:  Dolinsky TJ, et al.  PDB2PQR: expanding and upgrading automated preparation of biomolecular structures for molecular simulations. Nucleic Acids Res 35 W522-W525 (2007).
2024-04-03 16:36:32,147 INFO:main.py:768:main_driver:Checking and transforming input arguments.
2024-04-03 16:36:32,147 INFO:main.py:772:main_driver:Loading topology files.
2024-04-03 16:36:32,183 INFO:main.py:774:main_driver:Loading molecule: Pawan2/pdb_files/1FK0
2024-04-03 16:36:37,086 INFO:main.py:779:main_driver:Setting up molecule.
2024-04-03 16:36:37,099 WARNING:biomolecule.py:992:create_residue:Unable to find amino or nucleic acid definition for DKA.  Parsing as new residue.
2024-04-03 16:36:37,099 WARNING:biomolecule.py:992:create_residue:Unable to find amino or nucleic acid definition for FMT.  Parsing as new residue.
2024-04-03 16:36:37,099 WARNING:biomolecule.py:992:create_residue:Unable to find amino or nucleic acid definition for FMT.  Parsing as new residue.
2024-04-03 16:36:37,099 INFO:main.py:417:setup_molecule:Created biomolecule object with 164 residues and 711 atoms.
2024-04-03 16:36:37,099 INFO:main.py:783:main_driver:Setting termini states for biomolecule chains.
2024-04-03 16:36:37,101 INFO:main.py:613:non_trivial:Loading forcefield.
2024-04-03 16:36:37,109 INFO:main.py:617:non_trivial:Loading hydrogen topology definitions.
2024-04-03 16:36:37,110 WARNING:biomolecule.py:157:num_missing_heavy:Missing atom OXT in residue ASN A 93
2024-04-03 16:36:37,110 WARNING:biomolecule.py:157:num_missing_heavy:Missing atom OXT in residue ASN A 93
2024-04-03 16:36:37,110 INFO:main.py:627:non_trivial:Attempting to repair 1 missing atoms in biomolecule.
2024-04-03 16:36:37,110 WARNING:biomolecule.py:157:num_missing_heavy:Missing atom OXT in residue ASN A 93
2024-04-03 16:36:37,111 INFO:biomolecule.py:1077:repair_heavy:Added atom OXT to residue ASN A 93 at coordinates 28.615, 51.558, 20.822
2024-04-03 16:36:37,111 INFO:main.py:632:non_trivial:Updating disulfide bridges.
2024-04-03 16:36:37,112 INFO:main.py:635:non_trivial:Debumping biomolecule.
2024-04-03 16:36:37,123 INFO:main.py:658:non_trivial:Adding hydrogens to biomolecule.
2024-04-03 16:36:37,185 INFO:main.py:661:non_trivial:Debumping biomolecule (again).
2024-04-03 16:36:37,378 INFO:main.py:663:non_trivial:Optimizing hydrogen bonds
2024-04-03 16:36:37,486 WARNING:debump.py:354:get_closest_atom:Skipped atom during water optimization: H1 in HOH A 316 skipped when optimizing H2 in HOH A 315
2024-04-03 16:36:37,487 WARNING:debump.py:354:get_closest_atom:Skipped atom during water optimization: H2 in HOH A 105 skipped when optimizing H2 in HOH A 162
2024-04-03 16:36:37,498 WARNING:debump.py:354:get_closest_atom:Skipped atom during water optimization: H2 in HOH A 105 skipped when optimizing H2 in HOH A 162
2024-04-03 16:36:37,499 WARNING:debump.py:354:get_closest_atom:Skipped atom during water optimization: LP1 in HOH A 315 skipped when optimizing H2 in HOH A 316
2024-04-03 16:36:37,499 WARNING:debump.py:354:get_closest_atom:Skipped atom during water optimization: LP1 in HOH A 315 skipped when optimizing H2 in HOH A 316
2024-04-03 16:36:37,500 WARNING:debump.py:354:get_closest_atom:Skipped atom during water optimization: LP1 in HOH A 315 skipped when optimizing H2 in HOH A 316
2024-04-03 16:36:37,500 WARNING:debump.py:354:get_closest_atom:Skipped atom during water optimization: LP1 in HOH A 315 skipped when optimizing H2 in HOH A 316
2024-04-03 16:36:37,501 WARNING:debump.py:354:get_closest_atom:Skipped atom during water optimization: LP1 in HOH A 315 skipped when optimizing H2 in HOH A 316
2024-04-03 16:36:37,501 WARNING:debump.py:354:get_closest_atom:Skipped atom during water optimization: LP1 in HOH A 315 skipped when optimizing H2 in HOH A 316
2024-04-03 16:36:37,501 WARNING:io.py:40:filter:Suppressing further "Skipped atom during water optimization" messages
2024-04-03 16:36:38,200 INFO:main.py:675:non_trivial:Applying force field to biomolecule states.
2024-04-03 16:36:38,202 INFO:main.py:722:non_trivial:Regenerating headers.
2024-04-03 16:36:38,202 INFO:main.py:747:non_trivial:Regenerating PDB lines.
2024-04-03 16:36:38,208 WARNING:main.py:320:print_pqr:Ignoring 1333 header lines in output.
2024-04-03 16:36:38,208 WARNING:main.py:324:print_pqr:Ignoring 18 missing lines in output.
2024-04-03 16:38:40,531 INFO:main.py:240:print_splash_screen:PDB2PQR v3.6.2: biomolecular structure conversion software.
2024-04-03 16:38:40,532 INFO:main.py:242:print_splash_screen:Please cite:  Jurrus E, et al.  Improvements to the APBS biomolecular solvation software suite.  Protein Sci 27 112-128 (2018).
2024-04-03 16:38:40,532 INFO:main.py:242:print_splash_screen:Please cite:  Dolinsky TJ, et al.  PDB2PQR: expanding and upgrading automated preparation of biomolecular structures for molecular simulations. Nucleic Acids Res 35 W522-W525 (2007).
2024-04-03 16:38:40,532 INFO:main.py:768:main_driver:Checking and transforming input arguments.
2024-04-03 16:38:40,532 INFO:main.py:772:main_driver:Loading topology files.
2024-04-03 16:38:40,568 INFO:main.py:774:main_driver:Loading molecule: Pawan2/pdb_files/1FK0
2024-04-03 16:38:45,382 INFO:main.py:779:main_driver:Setting up molecule.
2024-04-03 16:38:45,385 WARNING:biomolecule.py:992:create_residue:Unable to find amino or nucleic acid definition for DKA.  Parsing as new residue.
2024-04-03 16:38:45,385 WARNING:biomolecule.py:992:create_residue:Unable to find amino or nucleic acid definition for FMT.  Parsing as new residue.
2024-04-03 16:38:45,385 WARNING:biomolecule.py:992:create_residue:Unable to find amino or nucleic acid definition for FMT.  Parsing as new residue.
2024-04-03 16:38:45,385 INFO:main.py:417:setup_molecule:Created biomolecule object with 164 residues and 711 atoms.
2024-04-03 16:38:45,385 INFO:main.py:783:main_driver:Setting termini states for biomolecule chains.
2024-04-03 16:38:45,387 INFO:main.py:613:non_trivial:Loading forcefield.
2024-04-03 16:38:45,394 INFO:main.py:617:non_trivial:Loading hydrogen topology definitions.
2024-04-03 16:38:45,395 WARNING:biomolecule.py:157:num_missing_heavy:Missing atom OXT in residue ASN A 93
2024-04-03 16:38:45,395 WARNING:biomolecule.py:157:num_missing_heavy:Missing atom OXT in residue ASN A 93
2024-04-03 16:38:45,395 INFO:main.py:627:non_trivial:Attempting to repair 1 missing atoms in biomolecule.
2024-04-03 16:38:45,396 WARNING:biomolecule.py:157:num_missing_heavy:Missing atom OXT in residue ASN A 93
2024-04-03 16:38:45,396 INFO:biomolecule.py:1077:repair_heavy:Added atom OXT to residue ASN A 93 at coordinates 28.615, 51.558, 20.822
2024-04-03 16:38:45,396 INFO:main.py:632:non_trivial:Updating disulfide bridges.
2024-04-03 16:38:45,397 INFO:main.py:635:non_trivial:Debumping biomolecule.
2024-04-03 16:38:45,408 INFO:main.py:658:non_trivial:Adding hydrogens to biomolecule.
2024-04-03 16:38:45,469 INFO:main.py:661:non_trivial:Debumping biomolecule (again).
2024-04-03 16:38:45,656 INFO:main.py:663:non_trivial:Optimizing hydrogen bonds
2024-04-03 16:38:45,769 WARNING:debump.py:354:get_closest_atom:Skipped atom during water optimization: H1 in HOH A 316 skipped when optimizing H2 in HOH A 315
2024-04-03 16:38:45,770 WARNING:debump.py:354:get_closest_atom:Skipped atom during water optimization: H2 in HOH A 105 skipped when optimizing H2 in HOH A 162
2024-04-03 16:38:45,781 WARNING:debump.py:354:get_closest_atom:Skipped atom during water optimization: H2 in HOH A 105 skipped when optimizing H2 in HOH A 162
2024-04-03 16:38:45,782 WARNING:debump.py:354:get_closest_atom:Skipped atom during water optimization: LP1 in HOH A 315 skipped when optimizing H2 in HOH A 316
2024-04-03 16:38:45,782 WARNING:debump.py:354:get_closest_atom:Skipped atom during water optimization: LP1 in HOH A 315 skipped when optimizing H2 in HOH A 316
2024-04-03 16:38:45,783 WARNING:debump.py:354:get_closest_atom:Skipped atom during water optimization: LP1 in HOH A 315 skipped when optimizing H2 in HOH A 316
2024-04-03 16:38:45,783 WARNING:debump.py:354:get_closest_atom:Skipped atom during water optimization: LP1 in HOH A 315 skipped when optimizing H2 in HOH A 316
2024-04-03 16:38:45,784 WARNING:debump.py:354:get_closest_atom:Skipped atom during water optimization: LP1 in HOH A 315 skipped when optimizing H2 in HOH A 316
2024-04-03 16:38:45,784 WARNING:debump.py:354:get_closest_atom:Skipped atom during water optimization: LP1 in HOH A 315 skipped when optimizing H2 in HOH A 316
2024-04-03 16:38:45,785 WARNING:io.py:40:filter:Suppressing further "Skipped atom during water optimization" messages
2024-04-03 16:38:46,495 INFO:main.py:675:non_trivial:Applying force field to biomolecule states.
2024-04-03 16:38:46,497 INFO:main.py:722:non_trivial:Regenerating headers.
2024-04-03 16:38:46,497 INFO:main.py:747:non_trivial:Regenerating PDB lines.
2024-04-03 16:38:46,503 WARNING:main.py:320:print_pqr:Ignoring 1333 header lines in output.
2024-04-03 16:38:46,503 WARNING:main.py:324:print_pqr:Ignoring 18 missing lines in output.
2024-04-03 16:42:06,906 INFO:main.py:240:print_splash_screen:PDB2PQR v3.6.2: biomolecular structure conversion software.
2024-04-03 16:42:06,906 INFO:main.py:242:print_splash_screen:Please cite:  Jurrus E, et al.  Improvements to the APBS biomolecular solvation software suite.  Protein Sci 27 112-128 (2018).
2024-04-03 16:42:06,906 INFO:main.py:242:print_splash_screen:Please cite:  Dolinsky TJ, et al.  PDB2PQR: expanding and upgrading automated preparation of biomolecular structures for molecular simulations. Nucleic Acids Res 35 W522-W525 (2007).
2024-04-03 16:42:06,906 INFO:main.py:768:main_driver:Checking and transforming input arguments.
2024-04-03 16:42:06,907 INFO:main.py:772:main_driver:Loading topology files.
2024-04-03 16:42:06,944 INFO:main.py:774:main_driver:Loading molecule: Pawan2/pdb_files/1FK0
2024-04-03 16:42:11,757 INFO:main.py:779:main_driver:Setting up molecule.
2024-04-03 16:42:11,760 WARNING:biomolecule.py:992:create_residue:Unable to find amino or nucleic acid definition for DKA.  Parsing as new residue.
2024-04-03 16:42:11,760 WARNING:biomolecule.py:992:create_residue:Unable to find amino or nucleic acid definition for FMT.  Parsing as new residue.
2024-04-03 16:42:11,760 WARNING:biomolecule.py:992:create_residue:Unable to find amino or nucleic acid definition for FMT.  Parsing as new residue.
2024-04-03 16:42:11,760 INFO:main.py:417:setup_molecule:Created biomolecule object with 164 residues and 711 atoms.
2024-04-03 16:42:11,760 INFO:main.py:783:main_driver:Setting termini states for biomolecule chains.
2024-04-03 16:42:11,762 INFO:main.py:613:non_trivial:Loading forcefield.
2024-04-03 16:42:11,770 INFO:main.py:617:non_trivial:Loading hydrogen topology definitions.
2024-04-03 16:42:11,770 WARNING:biomolecule.py:157:num_missing_heavy:Missing atom OXT in residue ASN A 93
2024-04-03 16:42:11,771 WARNING:biomolecule.py:157:num_missing_heavy:Missing atom OXT in residue ASN A 93
2024-04-03 16:42:11,771 INFO:main.py:627:non_trivial:Attempting to repair 1 missing atoms in biomolecule.
2024-04-03 16:42:11,771 WARNING:biomolecule.py:157:num_missing_heavy:Missing atom OXT in residue ASN A 93
2024-04-03 16:42:11,771 INFO:biomolecule.py:1077:repair_heavy:Added atom OXT to residue ASN A 93 at coordinates 28.615, 51.558, 20.822
2024-04-03 16:42:11,771 INFO:main.py:632:non_trivial:Updating disulfide bridges.
2024-04-03 16:42:11,772 INFO:main.py:635:non_trivial:Debumping biomolecule.
2024-04-03 16:42:11,784 INFO:main.py:658:non_trivial:Adding hydrogens to biomolecule.
2024-04-03 16:42:11,844 INFO:main.py:661:non_trivial:Debumping biomolecule (again).
2024-04-03 16:42:12,037 INFO:main.py:663:non_trivial:Optimizing hydrogen bonds
2024-04-03 16:42:12,143 WARNING:debump.py:354:get_closest_atom:Skipped atom during water optimization: H1 in HOH A 316 skipped when optimizing H2 in HOH A 315
2024-04-03 16:42:12,144 WARNING:debump.py:354:get_closest_atom:Skipped atom during water optimization: H2 in HOH A 105 skipped when optimizing H2 in HOH A 162
2024-04-03 16:42:12,155 WARNING:debump.py:354:get_closest_atom:Skipped atom during water optimization: H2 in HOH A 105 skipped when optimizing H2 in HOH A 162
2024-04-03 16:42:12,155 WARNING:debump.py:354:get_closest_atom:Skipped atom during water optimization: LP1 in HOH A 315 skipped when optimizing H2 in HOH A 316
2024-04-03 16:42:12,156 WARNING:debump.py:354:get_closest_atom:Skipped atom during water optimization: LP1 in HOH A 315 skipped when optimizing H2 in HOH A 316
2024-04-03 16:42:12,156 WARNING:debump.py:354:get_closest_atom:Skipped atom during water optimization: LP1 in HOH A 315 skipped when optimizing H2 in HOH A 316
2024-04-03 16:42:12,157 WARNING:debump.py:354:get_closest_atom:Skipped atom during water optimization: LP1 in HOH A 315 skipped when optimizing H2 in HOH A 316
2024-04-03 16:42:12,157 WARNING:debump.py:354:get_closest_atom:Skipped atom during water optimization: LP1 in HOH A 315 skipped when optimizing H2 in HOH A 316
2024-04-03 16:42:12,157 WARNING:debump.py:354:get_closest_atom:Skipped atom during water optimization: LP1 in HOH A 315 skipped when optimizing H2 in HOH A 316
2024-04-03 16:42:12,158 WARNING:io.py:40:filter:Suppressing further "Skipped atom during water optimization" messages
2024-04-03 16:42:12,863 INFO:main.py:675:non_trivial:Applying force field to biomolecule states.
2024-04-03 16:42:12,865 INFO:main.py:722:non_trivial:Regenerating headers.
2024-04-03 16:42:12,865 INFO:main.py:747:non_trivial:Regenerating PDB lines.
2024-04-03 16:42:12,871 WARNING:main.py:320:print_pqr:Ignoring 1333 header lines in output.
2024-04-03 16:42:12,871 WARNING:main.py:324:print_pqr:Ignoring 18 missing lines in output.
2024-04-03 16:57:45,365 INFO:main.py:240:print_splash_screen:PDB2PQR v3.6.2: biomolecular structure conversion software.
2024-04-03 16:57:45,365 INFO:main.py:242:print_splash_screen:Please cite:  Jurrus E, et al.  Improvements to the APBS biomolecular solvation software suite.  Protein Sci 27 112-128 (2018).
2024-04-03 16:57:45,365 INFO:main.py:242:print_splash_screen:Please cite:  Dolinsky TJ, et al.  PDB2PQR: expanding and upgrading automated preparation of biomolecular structures for molecular simulations. Nucleic Acids Res 35 W522-W525 (2007).
2024-04-03 16:57:45,366 INFO:main.py:768:main_driver:Checking and transforming input arguments.
2024-04-03 16:57:45,366 INFO:main.py:772:main_driver:Loading topology files.
2024-04-03 16:57:45,402 INFO:main.py:774:main_driver:Loading molecule: Pawan2/pdb_files/1FK0
2024-04-03 16:59:21,490 INFO:main.py:240:print_splash_screen:PDB2PQR v3.6.2: biomolecular structure conversion software.
2024-04-03 16:59:21,490 INFO:main.py:242:print_splash_screen:Please cite:  Jurrus E, et al.  Improvements to the APBS biomolecular solvation software suite.  Protein Sci 27 112-128 (2018).
2024-04-03 16:59:21,490 INFO:main.py:242:print_splash_screen:Please cite:  Dolinsky TJ, et al.  PDB2PQR: expanding and upgrading automated preparation of biomolecular structures for molecular simulations. Nucleic Acids Res 35 W522-W525 (2007).
2024-04-03 16:59:21,490 INFO:main.py:768:main_driver:Checking and transforming input arguments.
2024-04-03 16:59:21,490 INFO:main.py:772:main_driver:Loading topology files.
2024-04-03 16:59:21,527 INFO:main.py:774:main_driver:Loading molecule: Pawan2/pdb_files/1FK0
2024-04-03 16:59:26,370 INFO:main.py:779:main_driver:Setting up molecule.
2024-04-03 16:59:26,373 WARNING:biomolecule.py:992:create_residue:Unable to find amino or nucleic acid definition for DKA.  Parsing as new residue.
2024-04-03 16:59:26,374 WARNING:biomolecule.py:992:create_residue:Unable to find amino or nucleic acid definition for FMT.  Parsing as new residue.
2024-04-03 16:59:26,374 WARNING:biomolecule.py:992:create_residue:Unable to find amino or nucleic acid definition for FMT.  Parsing as new residue.
2024-04-03 16:59:26,374 INFO:main.py:417:setup_molecule:Created biomolecule object with 164 residues and 711 atoms.
2024-04-03 16:59:26,374 INFO:main.py:783:main_driver:Setting termini states for biomolecule chains.
2024-04-03 16:59:26,376 INFO:main.py:613:non_trivial:Loading forcefield.
2024-04-03 16:59:26,383 INFO:main.py:617:non_trivial:Loading hydrogen topology definitions.
2024-04-03 16:59:26,384 WARNING:biomolecule.py:157:num_missing_heavy:Missing atom OXT in residue ASN A 93
2024-04-03 16:59:26,384 WARNING:biomolecule.py:157:num_missing_heavy:Missing atom OXT in residue ASN A 93
2024-04-03 16:59:26,384 INFO:main.py:627:non_trivial:Attempting to repair 1 missing atoms in biomolecule.
2024-04-03 16:59:26,385 WARNING:biomolecule.py:157:num_missing_heavy:Missing atom OXT in residue ASN A 93
2024-04-03 16:59:26,385 INFO:biomolecule.py:1077:repair_heavy:Added atom OXT to residue ASN A 93 at coordinates 28.615, 51.558, 20.822
2024-04-03 16:59:26,385 INFO:main.py:632:non_trivial:Updating disulfide bridges.
2024-04-03 16:59:26,386 INFO:main.py:635:non_trivial:Debumping biomolecule.
2024-04-03 16:59:26,398 INFO:main.py:658:non_trivial:Adding hydrogens to biomolecule.
2024-04-03 16:59:26,459 INFO:main.py:661:non_trivial:Debumping biomolecule (again).
2024-04-03 16:59:26,650 INFO:main.py:663:non_trivial:Optimizing hydrogen bonds
2024-04-03 16:59:26,757 WARNING:debump.py:354:get_closest_atom:Skipped atom during water optimization: H1 in HOH A 316 skipped when optimizing H2 in HOH A 315
2024-04-03 16:59:26,758 WARNING:debump.py:354:get_closest_atom:Skipped atom during water optimization: H2 in HOH A 105 skipped when optimizing H2 in HOH A 162
2024-04-03 16:59:26,769 WARNING:debump.py:354:get_closest_atom:Skipped atom during water optimization: H2 in HOH A 105 skipped when optimizing H2 in HOH A 162
2024-04-03 16:59:26,769 WARNING:debump.py:354:get_closest_atom:Skipped atom during water optimization: LP1 in HOH A 315 skipped when optimizing H2 in HOH A 316
2024-04-03 16:59:26,770 WARNING:debump.py:354:get_closest_atom:Skipped atom during water optimization: LP1 in HOH A 315 skipped when optimizing H2 in HOH A 316
2024-04-03 16:59:26,770 WARNING:debump.py:354:get_closest_atom:Skipped atom during water optimization: LP1 in HOH A 315 skipped when optimizing H2 in HOH A 316
2024-04-03 16:59:26,771 WARNING:debump.py:354:get_closest_atom:Skipped atom during water optimization: LP1 in HOH A 315 skipped when optimizing H2 in HOH A 316
2024-04-03 16:59:26,771 WARNING:debump.py:354:get_closest_atom:Skipped atom during water optimization: LP1 in HOH A 315 skipped when optimizing H2 in HOH A 316
2024-04-03 16:59:26,771 WARNING:debump.py:354:get_closest_atom:Skipped atom during water optimization: LP1 in HOH A 315 skipped when optimizing H2 in HOH A 316
2024-04-03 16:59:26,772 WARNING:io.py:40:filter:Suppressing further "Skipped atom during water optimization" messages
2024-04-03 16:59:27,491 INFO:main.py:675:non_trivial:Applying force field to biomolecule states.
2024-04-03 16:59:27,492 INFO:main.py:722:non_trivial:Regenerating headers.
2024-04-03 16:59:27,493 INFO:main.py:747:non_trivial:Regenerating PDB lines.
2024-04-03 16:59:27,500 WARNING:main.py:320:print_pqr:Ignoring 1333 header lines in output.
2024-04-03 16:59:27,500 WARNING:main.py:324:print_pqr:Ignoring 18 missing lines in output.
2024-04-03 17:06:48,788 INFO:main.py:240:print_splash_screen:PDB2PQR v3.6.2: biomolecular structure conversion software.
2024-04-03 17:06:48,788 INFO:main.py:242:print_splash_screen:Please cite:  Jurrus E, et al.  Improvements to the APBS biomolecular solvation software suite.  Protein Sci 27 112-128 (2018).
2024-04-03 17:06:48,788 INFO:main.py:242:print_splash_screen:Please cite:  Dolinsky TJ, et al.  PDB2PQR: expanding and upgrading automated preparation of biomolecular structures for molecular simulations. Nucleic Acids Res 35 W522-W525 (2007).
2024-04-03 17:06:48,788 INFO:main.py:768:main_driver:Checking and transforming input arguments.
2024-04-03 17:06:48,789 INFO:main.py:772:main_driver:Loading topology files.
2024-04-03 17:06:48,825 INFO:main.py:774:main_driver:Loading molecule: Pawan2/pdb_files/1FK0
2024-04-03 17:06:53,640 INFO:main.py:779:main_driver:Setting up molecule.
2024-04-03 17:06:53,653 WARNING:biomolecule.py:992:create_residue:Unable to find amino or nucleic acid definition for DKA.  Parsing as new residue.
2024-04-03 17:06:53,653 WARNING:biomolecule.py:992:create_residue:Unable to find amino or nucleic acid definition for FMT.  Parsing as new residue.
2024-04-03 17:06:53,653 WARNING:biomolecule.py:992:create_residue:Unable to find amino or nucleic acid definition for FMT.  Parsing as new residue.
2024-04-03 17:06:53,654 INFO:main.py:417:setup_molecule:Created biomolecule object with 164 residues and 711 atoms.
2024-04-03 17:06:53,654 INFO:main.py:783:main_driver:Setting termini states for biomolecule chains.
2024-04-03 17:06:53,655 INFO:main.py:613:non_trivial:Loading forcefield.
2024-04-03 17:06:53,663 INFO:main.py:617:non_trivial:Loading hydrogen topology definitions.
2024-04-03 17:06:53,664 WARNING:biomolecule.py:157:num_missing_heavy:Missing atom OXT in residue ASN A 93
2024-04-03 17:06:53,664 WARNING:biomolecule.py:157:num_missing_heavy:Missing atom OXT in residue ASN A 93
2024-04-03 17:06:53,664 INFO:main.py:627:non_trivial:Attempting to repair 1 missing atoms in biomolecule.
2024-04-03 17:06:53,665 WARNING:biomolecule.py:157:num_missing_heavy:Missing atom OXT in residue ASN A 93
2024-04-03 17:06:53,665 INFO:biomolecule.py:1077:repair_heavy:Added atom OXT to residue ASN A 93 at coordinates 28.615, 51.558, 20.822
2024-04-03 17:06:53,665 INFO:main.py:632:non_trivial:Updating disulfide bridges.
2024-04-03 17:06:53,667 INFO:main.py:635:non_trivial:Debumping biomolecule.
2024-04-03 17:06:53,679 INFO:main.py:658:non_trivial:Adding hydrogens to biomolecule.
2024-04-03 17:06:53,742 INFO:main.py:661:non_trivial:Debumping biomolecule (again).
2024-04-03 17:06:53,929 INFO:main.py:663:non_trivial:Optimizing hydrogen bonds
2024-04-03 17:06:54,032 WARNING:debump.py:354:get_closest_atom:Skipped atom during water optimization: H1 in HOH A 316 skipped when optimizing H2 in HOH A 315
2024-04-03 17:06:54,033 WARNING:debump.py:354:get_closest_atom:Skipped atom during water optimization: H2 in HOH A 105 skipped when optimizing H2 in HOH A 162
2024-04-03 17:06:54,043 WARNING:debump.py:354:get_closest_atom:Skipped atom during water optimization: H2 in HOH A 105 skipped when optimizing H2 in HOH A 162
2024-04-03 17:06:54,044 WARNING:debump.py:354:get_closest_atom:Skipped atom during water optimization: LP1 in HOH A 315 skipped when optimizing H2 in HOH A 316
2024-04-03 17:06:54,044 WARNING:debump.py:354:get_closest_atom:Skipped atom during water optimization: LP1 in HOH A 315 skipped when optimizing H2 in HOH A 316
2024-04-03 17:06:54,045 WARNING:debump.py:354:get_closest_atom:Skipped atom during water optimization: LP1 in HOH A 315 skipped when optimizing H2 in HOH A 316
2024-04-03 17:06:54,045 WARNING:debump.py:354:get_closest_atom:Skipped atom during water optimization: LP1 in HOH A 315 skipped when optimizing H2 in HOH A 316
2024-04-03 17:06:54,046 WARNING:debump.py:354:get_closest_atom:Skipped atom during water optimization: LP1 in HOH A 315 skipped when optimizing H2 in HOH A 316
2024-04-03 17:06:54,046 WARNING:debump.py:354:get_closest_atom:Skipped atom during water optimization: LP1 in HOH A 315 skipped when optimizing H2 in HOH A 316
2024-04-03 17:06:54,047 WARNING:io.py:40:filter:Suppressing further "Skipped atom during water optimization" messages
2024-04-03 17:06:54,723 INFO:main.py:675:non_trivial:Applying force field to biomolecule states.
2024-04-03 17:06:54,724 INFO:main.py:722:non_trivial:Regenerating headers.
2024-04-03 17:06:54,724 INFO:main.py:747:non_trivial:Regenerating PDB lines.
2024-04-03 17:06:54,730 WARNING:main.py:320:print_pqr:Ignoring 1333 header lines in output.
2024-04-03 17:06:54,730 WARNING:main.py:324:print_pqr:Ignoring 18 missing lines in output.
