2024-04-03 16:59:40,087 INFO:main.py:240:print_splash_screen:PDB2PQR v3.6.2: biomolecular structure conversion software.
2024-04-03 16:59:40,087 INFO:main.py:242:print_splash_screen:Please cite:  Jurrus E, et al.  Improvements to the APBS biomolecular solvation software suite.  Protein Sci 27 112-128 (2018).
2024-04-03 16:59:40,087 INFO:main.py:242:print_splash_screen:Please cite:  Dolinsky TJ, et al.  PDB2PQR: expanding and upgrading automated preparation of biomolecular structures for molecular simulations. Nucleic Acids Res 35 W522-W525 (2007).
2024-04-03 16:59:40,087 INFO:main.py:768:main_driver:Checking and transforming input arguments.
2024-04-03 16:59:40,087 INFO:main.py:772:main_driver:Loading topology files.
2024-04-03 16:59:40,124 INFO:main.py:774:main_driver:Loading molecule: Pawan2/pdb_files/1FK3
2024-04-03 16:59:44,895 INFO:main.py:779:main_driver:Setting up molecule.
2024-04-03 16:59:44,898 WARNING:biomolecule.py:992:create_residue:Unable to find amino or nucleic acid definition for PAM.  Parsing as new residue.
2024-04-03 16:59:44,898 WARNING:biomolecule.py:992:create_residue:Unable to find amino or nucleic acid definition for FMT.  Parsing as new residue.
2024-04-03 16:59:44,898 INFO:main.py:417:setup_molecule:Created biomolecule object with 140 residues and 691 atoms.
2024-04-03 16:59:44,898 INFO:main.py:783:main_driver:Setting termini states for biomolecule chains.
2024-04-03 16:59:44,900 INFO:main.py:613:non_trivial:Loading forcefield.
2024-04-03 16:59:44,907 INFO:main.py:617:non_trivial:Loading hydrogen topology definitions.
2024-04-03 16:59:44,908 WARNING:biomolecule.py:157:num_missing_heavy:Missing atom OXT in residue ASN A 93
2024-04-03 16:59:44,908 WARNING:biomolecule.py:157:num_missing_heavy:Missing atom OXT in residue ASN A 93
2024-04-03 16:59:44,908 INFO:main.py:627:non_trivial:Attempting to repair 1 missing atoms in biomolecule.
2024-04-03 16:59:44,908 WARNING:biomolecule.py:157:num_missing_heavy:Missing atom OXT in residue ASN A 93
2024-04-03 16:59:44,909 INFO:biomolecule.py:1077:repair_heavy:Added atom OXT to residue ASN A 93 at coordinates 24.533, 48.167, 20.040
2024-04-03 16:59:44,909 INFO:main.py:632:non_trivial:Updating disulfide bridges.
2024-04-03 16:59:44,910 INFO:main.py:635:non_trivial:Debumping biomolecule.
2024-04-03 16:59:44,921 INFO:main.py:658:non_trivial:Adding hydrogens to biomolecule.
2024-04-03 16:59:44,982 INFO:main.py:661:non_trivial:Debumping biomolecule (again).
2024-04-03 16:59:45,052 INFO:main.py:663:non_trivial:Optimizing hydrogen bonds
2024-04-03 16:59:45,275 WARNING:debump.py:354:get_closest_atom:Skipped atom during water optimization: H1 in HOH A 320 skipped when optimizing H1 in HOH A 518
2024-04-03 16:59:45,276 WARNING:debump.py:354:get_closest_atom:Skipped atom during water optimization: H1 in HOH A 320 skipped when optimizing H1 in HOH A 518
2024-04-03 16:59:45,276 WARNING:debump.py:354:get_closest_atom:Skipped atom during water optimization: H1 in HOH A 320 skipped when optimizing H1 in HOH A 518
2024-04-03 16:59:45,276 WARNING:debump.py:354:get_closest_atom:Skipped atom during water optimization: H1 in HOH A 320 skipped when optimizing H1 in HOH A 518
2024-04-03 16:59:45,277 WARNING:debump.py:354:get_closest_atom:Skipped atom during water optimization: H1 in HOH A 320 skipped when optimizing H1 in HOH A 518
2024-04-03 16:59:45,277 WARNING:debump.py:354:get_closest_atom:Skipped atom during water optimization: H1 in HOH A 320 skipped when optimizing H1 in HOH A 518
2024-04-03 16:59:45,277 WARNING:debump.py:354:get_closest_atom:Skipped atom during water optimization: H1 in HOH A 320 skipped when optimizing H1 in HOH A 518
2024-04-03 16:59:45,278 WARNING:debump.py:354:get_closest_atom:Skipped atom during water optimization: H1 in HOH A 320 skipped when optimizing H1 in HOH A 518
2024-04-03 16:59:45,278 WARNING:debump.py:354:get_closest_atom:Skipped atom during water optimization: H1 in HOH A 320 skipped when optimizing H1 in HOH A 518
2024-04-03 16:59:45,280 WARNING:io.py:40:filter:Suppressing further "Skipped atom during water optimization" messages
2024-04-03 16:59:45,713 INFO:main.py:675:non_trivial:Applying force field to biomolecule states.
2024-04-03 16:59:45,715 INFO:main.py:722:non_trivial:Regenerating headers.
2024-04-03 16:59:45,715 INFO:main.py:747:non_trivial:Regenerating PDB lines.
2024-04-03 16:59:45,721 WARNING:main.py:320:print_pqr:Ignoring 1436 header lines in output.
2024-04-03 16:59:45,721 WARNING:main.py:324:print_pqr:Ignoring 21 missing lines in output.
2024-04-03 17:07:07,258 INFO:main.py:240:print_splash_screen:PDB2PQR v3.6.2: biomolecular structure conversion software.
2024-04-03 17:07:07,258 INFO:main.py:242:print_splash_screen:Please cite:  Jurrus E, et al.  Improvements to the APBS biomolecular solvation software suite.  Protein Sci 27 112-128 (2018).
2024-04-03 17:07:07,258 INFO:main.py:242:print_splash_screen:Please cite:  Dolinsky TJ, et al.  PDB2PQR: expanding and upgrading automated preparation of biomolecular structures for molecular simulations. Nucleic Acids Res 35 W522-W525 (2007).
2024-04-03 17:07:07,258 INFO:main.py:768:main_driver:Checking and transforming input arguments.
2024-04-03 17:07:07,258 INFO:main.py:772:main_driver:Loading topology files.
2024-04-03 17:07:07,295 INFO:main.py:774:main_driver:Loading molecule: Pawan2/pdb_files/1FK3
2024-04-03 17:07:12,258 INFO:main.py:779:main_driver:Setting up molecule.
2024-04-03 17:07:12,261 WARNING:biomolecule.py:992:create_residue:Unable to find amino or nucleic acid definition for PAM.  Parsing as new residue.
2024-04-03 17:07:12,262 WARNING:biomolecule.py:992:create_residue:Unable to find amino or nucleic acid definition for FMT.  Parsing as new residue.
2024-04-03 17:07:12,262 INFO:main.py:417:setup_molecule:Created biomolecule object with 140 residues and 691 atoms.
2024-04-03 17:07:12,262 INFO:main.py:783:main_driver:Setting termini states for biomolecule chains.
2024-04-03 17:07:12,263 INFO:main.py:613:non_trivial:Loading forcefield.
2024-04-03 17:07:12,271 INFO:main.py:617:non_trivial:Loading hydrogen topology definitions.
2024-04-03 17:07:12,272 WARNING:biomolecule.py:157:num_missing_heavy:Missing atom OXT in residue ASN A 93
2024-04-03 17:07:12,272 WARNING:biomolecule.py:157:num_missing_heavy:Missing atom OXT in residue ASN A 93
2024-04-03 17:07:12,272 INFO:main.py:627:non_trivial:Attempting to repair 1 missing atoms in biomolecule.
2024-04-03 17:07:12,272 WARNING:biomolecule.py:157:num_missing_heavy:Missing atom OXT in residue ASN A 93
2024-04-03 17:07:12,273 INFO:biomolecule.py:1077:repair_heavy:Added atom OXT to residue ASN A 93 at coordinates 24.533, 48.167, 20.040
2024-04-03 17:07:12,273 INFO:main.py:632:non_trivial:Updating disulfide bridges.
2024-04-03 17:07:12,274 INFO:main.py:635:non_trivial:Debumping biomolecule.
2024-04-03 17:07:12,286 INFO:main.py:658:non_trivial:Adding hydrogens to biomolecule.
2024-04-03 17:07:12,348 INFO:main.py:661:non_trivial:Debumping biomolecule (again).
2024-04-03 17:07:12,415 INFO:main.py:663:non_trivial:Optimizing hydrogen bonds
2024-04-03 17:07:12,621 WARNING:debump.py:354:get_closest_atom:Skipped atom during water optimization: H1 in HOH A 320 skipped when optimizing H1 in HOH A 518
2024-04-03 17:07:12,622 WARNING:debump.py:354:get_closest_atom:Skipped atom during water optimization: H1 in HOH A 320 skipped when optimizing H1 in HOH A 518
2024-04-03 17:07:12,622 WARNING:debump.py:354:get_closest_atom:Skipped atom during water optimization: H1 in HOH A 320 skipped when optimizing H1 in HOH A 518
2024-04-03 17:07:12,622 WARNING:debump.py:354:get_closest_atom:Skipped atom during water optimization: H1 in HOH A 320 skipped when optimizing H1 in HOH A 518
2024-04-03 17:07:12,623 WARNING:debump.py:354:get_closest_atom:Skipped atom during water optimization: H1 in HOH A 320 skipped when optimizing H1 in HOH A 518
2024-04-03 17:07:12,623 WARNING:debump.py:354:get_closest_atom:Skipped atom during water optimization: H1 in HOH A 320 skipped when optimizing H1 in HOH A 518
2024-04-03 17:07:12,623 WARNING:debump.py:354:get_closest_atom:Skipped atom during water optimization: H1 in HOH A 320 skipped when optimizing H1 in HOH A 518
2024-04-03 17:07:12,624 WARNING:debump.py:354:get_closest_atom:Skipped atom during water optimization: H1 in HOH A 320 skipped when optimizing H1 in HOH A 518
2024-04-03 17:07:12,624 WARNING:debump.py:354:get_closest_atom:Skipped atom during water optimization: H1 in HOH A 320 skipped when optimizing H1 in HOH A 518
2024-04-03 17:07:12,626 WARNING:io.py:40:filter:Suppressing further "Skipped atom during water optimization" messages
2024-04-03 17:07:12,997 INFO:main.py:675:non_trivial:Applying force field to biomolecule states.
2024-04-03 17:07:12,998 INFO:main.py:722:non_trivial:Regenerating headers.
2024-04-03 17:07:12,998 INFO:main.py:747:non_trivial:Regenerating PDB lines.
2024-04-03 17:07:13,004 WARNING:main.py:320:print_pqr:Ignoring 1436 header lines in output.
2024-04-03 17:07:13,004 WARNING:main.py:324:print_pqr:Ignoring 21 missing lines in output.
