2024-04-03 16:59:45,888 INFO:main.py:240:print_splash_screen:PDB2PQR v3.6.2: biomolecular structure conversion software.
2024-04-03 16:59:45,888 INFO:main.py:242:print_splash_screen:Please cite:  Jurrus E, et al.  Improvements to the APBS biomolecular solvation software suite.  Protein Sci 27 112-128 (2018).
2024-04-03 16:59:45,888 INFO:main.py:242:print_splash_screen:Please cite:  Dolinsky TJ, et al.  PDB2PQR: expanding and upgrading automated preparation of biomolecular structures for molecular simulations. Nucleic Acids Res 35 W522-W525 (2007).
2024-04-03 16:59:45,888 INFO:main.py:768:main_driver:Checking and transforming input arguments.
2024-04-03 16:59:45,888 INFO:main.py:772:main_driver:Loading topology files.
2024-04-03 16:59:45,926 INFO:main.py:774:main_driver:Loading molecule: Pawan2/pdb_files/1FK4
2024-04-03 16:59:50,771 INFO:main.py:779:main_driver:Setting up molecule.
2024-04-03 16:59:50,774 WARNING:biomolecule.py:992:create_residue:Unable to find amino or nucleic acid definition for STE.  Parsing as new residue.
2024-04-03 16:59:50,774 WARNING:biomolecule.py:992:create_residue:Unable to find amino or nucleic acid definition for FMT.  Parsing as new residue.
2024-04-03 16:59:50,774 WARNING:biomolecule.py:992:create_residue:Unable to find amino or nucleic acid definition for FMT.  Parsing as new residue.
2024-04-03 16:59:50,775 INFO:main.py:417:setup_molecule:Created biomolecule object with 158 residues and 713 atoms.
2024-04-03 16:59:50,775 INFO:main.py:783:main_driver:Setting termini states for biomolecule chains.
2024-04-03 16:59:50,776 INFO:main.py:613:non_trivial:Loading forcefield.
2024-04-03 16:59:50,783 INFO:main.py:617:non_trivial:Loading hydrogen topology definitions.
2024-04-03 16:59:50,784 WARNING:biomolecule.py:157:num_missing_heavy:Missing atom OXT in residue ASN A 93
2024-04-03 16:59:50,784 WARNING:biomolecule.py:157:num_missing_heavy:Missing atom OXT in residue ASN A 93
2024-04-03 16:59:50,785 INFO:main.py:627:non_trivial:Attempting to repair 1 missing atoms in biomolecule.
2024-04-03 16:59:50,785 WARNING:biomolecule.py:157:num_missing_heavy:Missing atom OXT in residue ASN A 93
2024-04-03 16:59:50,785 INFO:biomolecule.py:1077:repair_heavy:Added atom OXT to residue ASN A 93 at coordinates 28.593, 51.760, 20.683
2024-04-03 16:59:50,785 INFO:main.py:632:non_trivial:Updating disulfide bridges.
2024-04-03 16:59:50,786 INFO:main.py:635:non_trivial:Debumping biomolecule.
2024-04-03 16:59:50,797 INFO:main.py:658:non_trivial:Adding hydrogens to biomolecule.
2024-04-03 16:59:50,859 INFO:main.py:661:non_trivial:Debumping biomolecule (again).
2024-04-03 16:59:50,926 INFO:main.py:663:non_trivial:Optimizing hydrogen bonds
2024-04-03 16:59:50,982 WARNING:debump.py:354:get_closest_atom:Skipped atom during water optimization: H2 in HOH A 105 skipped when optimizing H2 in HOH A 116
2024-04-03 16:59:50,982 WARNING:debump.py:354:get_closest_atom:Skipped atom during water optimization: H2 in HOH A 105 skipped when optimizing H2 in HOH A 116
2024-04-03 16:59:51,060 WARNING:debump.py:354:get_closest_atom:Skipped atom during water optimization: H1 in HOH A 126 skipped when optimizing H2 in HOH A 196
2024-04-03 16:59:51,113 WARNING:debump.py:354:get_closest_atom:Skipped atom during water optimization: LP1 in HOH A 130 skipped when optimizing H2 in HOH A 124
2024-04-03 16:59:51,114 WARNING:debump.py:354:get_closest_atom:Skipped atom during water optimization: H2 in HOH A 129 skipped when optimizing H2 in HOH A 124
2024-04-03 16:59:51,115 WARNING:debump.py:354:get_closest_atom:Skipped atom during water optimization: H2 in HOH A 129 skipped when optimizing H2 in HOH A 124
2024-04-03 16:59:51,116 WARNING:debump.py:354:get_closest_atom:Skipped atom during water optimization: H2 in HOH A 129 skipped when optimizing H2 in HOH A 124
2024-04-03 16:59:51,116 WARNING:debump.py:354:get_closest_atom:Skipped atom during water optimization: H2 in HOH A 129 skipped when optimizing H2 in HOH A 124
2024-04-03 16:59:51,117 WARNING:debump.py:354:get_closest_atom:Skipped atom during water optimization: H2 in HOH A 129 skipped when optimizing H2 in HOH A 124
2024-04-03 16:59:51,118 WARNING:io.py:40:filter:Suppressing further "Skipped atom during water optimization" messages
2024-04-03 16:59:51,640 INFO:main.py:675:non_trivial:Applying force field to biomolecule states.
2024-04-03 16:59:51,641 INFO:main.py:722:non_trivial:Regenerating headers.
2024-04-03 16:59:51,641 INFO:main.py:747:non_trivial:Regenerating PDB lines.
2024-04-03 16:59:51,647 WARNING:main.py:320:print_pqr:Ignoring 1597 header lines in output.
2024-04-03 16:59:51,647 WARNING:main.py:324:print_pqr:Ignoring 26 missing lines in output.
2024-04-03 17:07:13,155 INFO:main.py:240:print_splash_screen:PDB2PQR v3.6.2: biomolecular structure conversion software.
2024-04-03 17:07:13,155 INFO:main.py:242:print_splash_screen:Please cite:  Jurrus E, et al.  Improvements to the APBS biomolecular solvation software suite.  Protein Sci 27 112-128 (2018).
2024-04-03 17:07:13,155 INFO:main.py:242:print_splash_screen:Please cite:  Dolinsky TJ, et al.  PDB2PQR: expanding and upgrading automated preparation of biomolecular structures for molecular simulations. Nucleic Acids Res 35 W522-W525 (2007).
2024-04-03 17:07:13,155 INFO:main.py:768:main_driver:Checking and transforming input arguments.
2024-04-03 17:07:13,155 INFO:main.py:772:main_driver:Loading topology files.
2024-04-03 17:07:13,192 INFO:main.py:774:main_driver:Loading molecule: Pawan2/pdb_files/1FK4
2024-04-03 17:07:17,957 INFO:main.py:779:main_driver:Setting up molecule.
2024-04-03 17:07:17,960 WARNING:biomolecule.py:992:create_residue:Unable to find amino or nucleic acid definition for STE.  Parsing as new residue.
2024-04-03 17:07:17,960 WARNING:biomolecule.py:992:create_residue:Unable to find amino or nucleic acid definition for FMT.  Parsing as new residue.
2024-04-03 17:07:17,960 WARNING:biomolecule.py:992:create_residue:Unable to find amino or nucleic acid definition for FMT.  Parsing as new residue.
2024-04-03 17:07:17,961 INFO:main.py:417:setup_molecule:Created biomolecule object with 158 residues and 713 atoms.
2024-04-03 17:07:17,961 INFO:main.py:783:main_driver:Setting termini states for biomolecule chains.
2024-04-03 17:07:17,962 INFO:main.py:613:non_trivial:Loading forcefield.
2024-04-03 17:07:17,970 INFO:main.py:617:non_trivial:Loading hydrogen topology definitions.
2024-04-03 17:07:17,971 WARNING:biomolecule.py:157:num_missing_heavy:Missing atom OXT in residue ASN A 93
2024-04-03 17:07:17,971 WARNING:biomolecule.py:157:num_missing_heavy:Missing atom OXT in residue ASN A 93
2024-04-03 17:07:17,971 INFO:main.py:627:non_trivial:Attempting to repair 1 missing atoms in biomolecule.
2024-04-03 17:07:17,972 WARNING:biomolecule.py:157:num_missing_heavy:Missing atom OXT in residue ASN A 93
2024-04-03 17:07:17,972 INFO:biomolecule.py:1077:repair_heavy:Added atom OXT to residue ASN A 93 at coordinates 28.593, 51.760, 20.683
2024-04-03 17:07:17,972 INFO:main.py:632:non_trivial:Updating disulfide bridges.
2024-04-03 17:07:17,974 INFO:main.py:635:non_trivial:Debumping biomolecule.
2024-04-03 17:07:17,986 INFO:main.py:658:non_trivial:Adding hydrogens to biomolecule.
2024-04-03 17:07:18,048 INFO:main.py:661:non_trivial:Debumping biomolecule (again).
2024-04-03 17:07:18,114 INFO:main.py:663:non_trivial:Optimizing hydrogen bonds
2024-04-03 17:07:18,169 WARNING:debump.py:354:get_closest_atom:Skipped atom during water optimization: H2 in HOH A 105 skipped when optimizing H2 in HOH A 116
2024-04-03 17:07:18,169 WARNING:debump.py:354:get_closest_atom:Skipped atom during water optimization: H2 in HOH A 105 skipped when optimizing H2 in HOH A 116
2024-04-03 17:07:18,247 WARNING:debump.py:354:get_closest_atom:Skipped atom during water optimization: H1 in HOH A 126 skipped when optimizing H2 in HOH A 196
2024-04-03 17:07:18,300 WARNING:debump.py:354:get_closest_atom:Skipped atom during water optimization: LP1 in HOH A 130 skipped when optimizing H2 in HOH A 124
2024-04-03 17:07:18,301 WARNING:debump.py:354:get_closest_atom:Skipped atom during water optimization: H2 in HOH A 129 skipped when optimizing H2 in HOH A 124
2024-04-03 17:07:18,301 WARNING:debump.py:354:get_closest_atom:Skipped atom during water optimization: H2 in HOH A 129 skipped when optimizing H2 in HOH A 124
2024-04-03 17:07:18,302 WARNING:debump.py:354:get_closest_atom:Skipped atom during water optimization: H2 in HOH A 129 skipped when optimizing H2 in HOH A 124
2024-04-03 17:07:18,303 WARNING:debump.py:354:get_closest_atom:Skipped atom during water optimization: H2 in HOH A 129 skipped when optimizing H2 in HOH A 124
2024-04-03 17:07:18,303 WARNING:debump.py:354:get_closest_atom:Skipped atom during water optimization: H2 in HOH A 129 skipped when optimizing H2 in HOH A 124
2024-04-03 17:07:18,304 WARNING:io.py:40:filter:Suppressing further "Skipped atom during water optimization" messages
2024-04-03 17:07:18,816 INFO:main.py:675:non_trivial:Applying force field to biomolecule states.
2024-04-03 17:07:18,818 INFO:main.py:722:non_trivial:Regenerating headers.
2024-04-03 17:07:18,818 INFO:main.py:747:non_trivial:Regenerating PDB lines.
2024-04-03 17:07:18,824 WARNING:main.py:320:print_pqr:Ignoring 1597 header lines in output.
2024-04-03 17:07:18,824 WARNING:main.py:324:print_pqr:Ignoring 26 missing lines in output.
