2024-04-03 16:59:58,270 INFO:main.py:240:print_splash_screen:PDB2PQR v3.6.2: biomolecular structure conversion software.
2024-04-03 16:59:58,270 INFO:main.py:242:print_splash_screen:Please cite:  Jurrus E, et al.  Improvements to the APBS biomolecular solvation software suite.  Protein Sci 27 112-128 (2018).
2024-04-03 16:59:58,270 INFO:main.py:242:print_splash_screen:Please cite:  Dolinsky TJ, et al.  PDB2PQR: expanding and upgrading automated preparation of biomolecular structures for molecular simulations. Nucleic Acids Res 35 W522-W525 (2007).
2024-04-03 16:59:58,270 INFO:main.py:768:main_driver:Checking and transforming input arguments.
2024-04-03 16:59:58,270 INFO:main.py:772:main_driver:Loading topology files.
2024-04-03 16:59:58,306 INFO:main.py:774:main_driver:Loading molecule: Pawan2/pdb_files/1FK6
2024-04-03 17:00:03,057 INFO:main.py:779:main_driver:Setting up molecule.
2024-04-03 17:00:03,060 WARNING:biomolecule.py:992:create_residue:Unable to find amino or nucleic acid definition for LNL.  Parsing as new residue.
2024-04-03 17:00:03,060 WARNING:biomolecule.py:992:create_residue:Unable to find amino or nucleic acid definition for FMT.  Parsing as new residue.
2024-04-03 17:00:03,060 WARNING:biomolecule.py:992:create_residue:Unable to find amino or nucleic acid definition for FMT.  Parsing as new residue.
2024-04-03 17:00:03,060 INFO:main.py:417:setup_molecule:Created biomolecule object with 158 residues and 713 atoms.
2024-04-03 17:00:03,060 INFO:main.py:783:main_driver:Setting termini states for biomolecule chains.
2024-04-03 17:00:03,062 INFO:main.py:613:non_trivial:Loading forcefield.
2024-04-03 17:00:03,070 INFO:main.py:617:non_trivial:Loading hydrogen topology definitions.
2024-04-03 17:00:03,070 WARNING:biomolecule.py:157:num_missing_heavy:Missing atom OXT in residue ASN A 93
2024-04-03 17:00:03,071 WARNING:biomolecule.py:157:num_missing_heavy:Missing atom OXT in residue ASN A 93
2024-04-03 17:00:03,071 INFO:main.py:627:non_trivial:Attempting to repair 1 missing atoms in biomolecule.
2024-04-03 17:00:03,071 WARNING:biomolecule.py:157:num_missing_heavy:Missing atom OXT in residue ASN A 93
2024-04-03 17:00:03,072 INFO:biomolecule.py:1077:repair_heavy:Added atom OXT to residue ASN A 93 at coordinates 26.029, 53.452, 21.228
2024-04-03 17:00:03,072 INFO:main.py:632:non_trivial:Updating disulfide bridges.
2024-04-03 17:00:03,073 INFO:main.py:635:non_trivial:Debumping biomolecule.
2024-04-03 17:00:03,084 INFO:main.py:658:non_trivial:Adding hydrogens to biomolecule.
2024-04-03 17:00:03,147 INFO:main.py:661:non_trivial:Debumping biomolecule (again).
2024-04-03 17:00:03,215 INFO:main.py:663:non_trivial:Optimizing hydrogen bonds
2024-04-03 17:00:03,272 WARNING:debump.py:354:get_closest_atom:Skipped atom during water optimization: O in HOH A 207 skipped when optimizing O in HOH A 110
2024-04-03 17:00:03,387 WARNING:debump.py:354:get_closest_atom:Skipped atom during water optimization: LP1 in HOH A 206 skipped when optimizing H2 in HOH A 191
2024-04-03 17:00:03,388 WARNING:debump.py:354:get_closest_atom:Skipped atom during water optimization: LP1 in HOH A 206 skipped when optimizing H2 in HOH A 191
2024-04-03 17:00:03,394 WARNING:debump.py:354:get_closest_atom:Skipped atom during water optimization: LP1 in HOH A 206 skipped when optimizing H2 in HOH A 191
2024-04-03 17:00:03,394 WARNING:debump.py:354:get_closest_atom:Skipped atom during water optimization: LP1 in HOH A 206 skipped when optimizing H2 in HOH A 191
2024-04-03 17:00:03,394 WARNING:debump.py:354:get_closest_atom:Skipped atom during water optimization: LP1 in HOH A 206 skipped when optimizing H2 in HOH A 191
2024-04-03 17:00:03,397 WARNING:debump.py:354:get_closest_atom:Skipped atom during water optimization: H1 in HOH A 191 skipped when optimizing H1 in HOH A 206
2024-04-03 17:00:03,397 WARNING:debump.py:354:get_closest_atom:Skipped atom during water optimization: H1 in HOH A 191 skipped when optimizing H1 in HOH A 206
2024-04-03 17:00:03,397 WARNING:debump.py:354:get_closest_atom:Skipped atom during water optimization: H1 in HOH A 191 skipped when optimizing H1 in HOH A 206
2024-04-03 17:00:03,398 WARNING:io.py:40:filter:Suppressing further "Skipped atom during water optimization" messages
2024-04-03 17:00:03,945 INFO:main.py:675:non_trivial:Applying force field to biomolecule states.
2024-04-03 17:00:03,946 INFO:main.py:722:non_trivial:Regenerating headers.
2024-04-03 17:00:03,946 INFO:main.py:747:non_trivial:Regenerating PDB lines.
2024-04-03 17:00:03,953 WARNING:main.py:320:print_pqr:Ignoring 1617 header lines in output.
2024-04-03 17:00:03,953 WARNING:main.py:324:print_pqr:Ignoring 26 missing lines in output.
2024-04-03 17:07:25,526 INFO:main.py:240:print_splash_screen:PDB2PQR v3.6.2: biomolecular structure conversion software.
2024-04-03 17:07:25,526 INFO:main.py:242:print_splash_screen:Please cite:  Jurrus E, et al.  Improvements to the APBS biomolecular solvation software suite.  Protein Sci 27 112-128 (2018).
2024-04-03 17:07:25,526 INFO:main.py:242:print_splash_screen:Please cite:  Dolinsky TJ, et al.  PDB2PQR: expanding and upgrading automated preparation of biomolecular structures for molecular simulations. Nucleic Acids Res 35 W522-W525 (2007).
2024-04-03 17:07:25,526 INFO:main.py:768:main_driver:Checking and transforming input arguments.
2024-04-03 17:07:25,526 INFO:main.py:772:main_driver:Loading topology files.
2024-04-03 17:07:25,563 INFO:main.py:774:main_driver:Loading molecule: Pawan2/pdb_files/1FK6
2024-04-03 17:07:30,326 INFO:main.py:779:main_driver:Setting up molecule.
2024-04-03 17:07:30,329 WARNING:biomolecule.py:992:create_residue:Unable to find amino or nucleic acid definition for LNL.  Parsing as new residue.
2024-04-03 17:07:30,329 WARNING:biomolecule.py:992:create_residue:Unable to find amino or nucleic acid definition for FMT.  Parsing as new residue.
2024-04-03 17:07:30,330 WARNING:biomolecule.py:992:create_residue:Unable to find amino or nucleic acid definition for FMT.  Parsing as new residue.
2024-04-03 17:07:30,330 INFO:main.py:417:setup_molecule:Created biomolecule object with 158 residues and 713 atoms.
2024-04-03 17:07:30,330 INFO:main.py:783:main_driver:Setting termini states for biomolecule chains.
2024-04-03 17:07:30,332 INFO:main.py:613:non_trivial:Loading forcefield.
2024-04-03 17:07:30,340 INFO:main.py:617:non_trivial:Loading hydrogen topology definitions.
2024-04-03 17:07:30,341 WARNING:biomolecule.py:157:num_missing_heavy:Missing atom OXT in residue ASN A 93
2024-04-03 17:07:30,341 WARNING:biomolecule.py:157:num_missing_heavy:Missing atom OXT in residue ASN A 93
2024-04-03 17:07:30,341 INFO:main.py:627:non_trivial:Attempting to repair 1 missing atoms in biomolecule.
2024-04-03 17:07:30,342 WARNING:biomolecule.py:157:num_missing_heavy:Missing atom OXT in residue ASN A 93
2024-04-03 17:07:30,342 INFO:biomolecule.py:1077:repair_heavy:Added atom OXT to residue ASN A 93 at coordinates 26.029, 53.452, 21.228
2024-04-03 17:07:30,342 INFO:main.py:632:non_trivial:Updating disulfide bridges.
2024-04-03 17:07:30,343 INFO:main.py:635:non_trivial:Debumping biomolecule.
2024-04-03 17:07:30,355 INFO:main.py:658:non_trivial:Adding hydrogens to biomolecule.
2024-04-03 17:07:30,417 INFO:main.py:661:non_trivial:Debumping biomolecule (again).
2024-04-03 17:07:30,485 INFO:main.py:663:non_trivial:Optimizing hydrogen bonds
2024-04-03 17:07:30,541 WARNING:debump.py:354:get_closest_atom:Skipped atom during water optimization: O in HOH A 207 skipped when optimizing O in HOH A 110
2024-04-03 17:07:30,662 WARNING:debump.py:354:get_closest_atom:Skipped atom during water optimization: LP1 in HOH A 206 skipped when optimizing H2 in HOH A 191
2024-04-03 17:07:30,663 WARNING:debump.py:354:get_closest_atom:Skipped atom during water optimization: LP1 in HOH A 206 skipped when optimizing H2 in HOH A 191
2024-04-03 17:07:30,669 WARNING:debump.py:354:get_closest_atom:Skipped atom during water optimization: LP1 in HOH A 206 skipped when optimizing H2 in HOH A 191
2024-04-03 17:07:30,670 WARNING:debump.py:354:get_closest_atom:Skipped atom during water optimization: LP1 in HOH A 206 skipped when optimizing H2 in HOH A 191
2024-04-03 17:07:30,670 WARNING:debump.py:354:get_closest_atom:Skipped atom during water optimization: LP1 in HOH A 206 skipped when optimizing H2 in HOH A 191
2024-04-03 17:07:30,673 WARNING:debump.py:354:get_closest_atom:Skipped atom during water optimization: H1 in HOH A 191 skipped when optimizing H1 in HOH A 206
2024-04-03 17:07:30,673 WARNING:debump.py:354:get_closest_atom:Skipped atom during water optimization: H1 in HOH A 191 skipped when optimizing H1 in HOH A 206
2024-04-03 17:07:30,674 WARNING:debump.py:354:get_closest_atom:Skipped atom during water optimization: H1 in HOH A 191 skipped when optimizing H1 in HOH A 206
2024-04-03 17:07:30,674 WARNING:io.py:40:filter:Suppressing further "Skipped atom during water optimization" messages
2024-04-03 17:07:31,237 INFO:main.py:675:non_trivial:Applying force field to biomolecule states.
2024-04-03 17:07:31,238 INFO:main.py:722:non_trivial:Regenerating headers.
2024-04-03 17:07:31,238 INFO:main.py:747:non_trivial:Regenerating PDB lines.
2024-04-03 17:07:31,244 WARNING:main.py:320:print_pqr:Ignoring 1617 header lines in output.
2024-04-03 17:07:31,244 WARNING:main.py:324:print_pqr:Ignoring 26 missing lines in output.
