2024-04-03 17:00:04,109 INFO:main.py:240:print_splash_screen:PDB2PQR v3.6.2: biomolecular structure conversion software.
2024-04-03 17:00:04,109 INFO:main.py:242:print_splash_screen:Please cite:  Jurrus E, et al.  Improvements to the APBS biomolecular solvation software suite.  Protein Sci 27 112-128 (2018).
2024-04-03 17:00:04,109 INFO:main.py:242:print_splash_screen:Please cite:  Dolinsky TJ, et al.  PDB2PQR: expanding and upgrading automated preparation of biomolecular structures for molecular simulations. Nucleic Acids Res 35 W522-W525 (2007).
2024-04-03 17:00:04,109 INFO:main.py:768:main_driver:Checking and transforming input arguments.
2024-04-03 17:00:04,109 INFO:main.py:772:main_driver:Loading topology files.
2024-04-03 17:00:04,146 INFO:main.py:774:main_driver:Loading molecule: Pawan2/pdb_files/1FK7
2024-04-03 17:00:09,078 INFO:main.py:779:main_driver:Setting up molecule.
2024-04-03 17:00:09,090 WARNING:biomolecule.py:992:create_residue:Unable to find amino or nucleic acid definition for RCL.  Parsing as new residue.
2024-04-03 17:00:09,090 WARNING:biomolecule.py:992:create_residue:Unable to find amino or nucleic acid definition for FMT.  Parsing as new residue.
2024-04-03 17:00:09,090 INFO:main.py:417:setup_molecule:Created biomolecule object with 165 residues and 719 atoms.
2024-04-03 17:00:09,091 INFO:main.py:783:main_driver:Setting termini states for biomolecule chains.
2024-04-03 17:00:09,092 INFO:main.py:613:non_trivial:Loading forcefield.
2024-04-03 17:00:09,100 INFO:main.py:617:non_trivial:Loading hydrogen topology definitions.
2024-04-03 17:00:09,101 WARNING:biomolecule.py:157:num_missing_heavy:Missing atom OXT in residue ASN A 93
2024-04-03 17:00:09,101 WARNING:biomolecule.py:157:num_missing_heavy:Missing atom OXT in residue ASN A 93
2024-04-03 17:00:09,101 INFO:main.py:627:non_trivial:Attempting to repair 1 missing atoms in biomolecule.
2024-04-03 17:00:09,102 WARNING:biomolecule.py:157:num_missing_heavy:Missing atom OXT in residue ASN A 93
2024-04-03 17:00:09,102 INFO:biomolecule.py:1077:repair_heavy:Added atom OXT to residue ASN A 93 at coordinates 23.554, 49.915, 20.317
2024-04-03 17:00:09,102 INFO:main.py:632:non_trivial:Updating disulfide bridges.
2024-04-03 17:00:09,103 INFO:main.py:635:non_trivial:Debumping biomolecule.
2024-04-03 17:00:09,115 INFO:main.py:658:non_trivial:Adding hydrogens to biomolecule.
2024-04-03 17:00:09,176 INFO:main.py:661:non_trivial:Debumping biomolecule (again).
2024-04-03 17:00:09,244 INFO:main.py:663:non_trivial:Optimizing hydrogen bonds
2024-04-03 17:00:09,287 WARNING:debump.py:354:get_closest_atom:Skipped atom during water optimization: H2 in HOH A 316 skipped when optimizing H2 in HOH A 393
2024-04-03 17:00:09,288 WARNING:debump.py:354:get_closest_atom:Skipped atom during water optimization: H2 in HOH A 316 skipped when optimizing H2 in HOH A 393
2024-04-03 17:00:09,288 WARNING:debump.py:354:get_closest_atom:Skipped atom during water optimization: H2 in HOH A 316 skipped when optimizing H2 in HOH A 393
2024-04-03 17:00:09,288 WARNING:debump.py:354:get_closest_atom:Skipped atom during water optimization: H2 in HOH A 316 skipped when optimizing H2 in HOH A 393
2024-04-03 17:00:09,289 WARNING:debump.py:354:get_closest_atom:Skipped atom during water optimization: H2 in HOH A 316 skipped when optimizing H2 in HOH A 393
2024-04-03 17:00:09,289 WARNING:debump.py:354:get_closest_atom:Skipped atom during water optimization: H2 in HOH A 316 skipped when optimizing H2 in HOH A 393
2024-04-03 17:00:09,289 WARNING:debump.py:354:get_closest_atom:Skipped atom during water optimization: H2 in HOH A 316 skipped when optimizing H2 in HOH A 393
2024-04-03 17:00:09,290 WARNING:debump.py:354:get_closest_atom:Skipped atom during water optimization: H2 in HOH A 316 skipped when optimizing H2 in HOH A 393
2024-04-03 17:00:09,290 WARNING:debump.py:354:get_closest_atom:Skipped atom during water optimization: H2 in HOH A 316 skipped when optimizing H2 in HOH A 393
2024-04-03 17:00:09,290 WARNING:io.py:40:filter:Suppressing further "Skipped atom during water optimization" messages
2024-04-03 17:00:10,090 INFO:main.py:675:non_trivial:Applying force field to biomolecule states.
2024-04-03 17:00:10,092 INFO:main.py:722:non_trivial:Regenerating headers.
2024-04-03 17:00:10,092 INFO:main.py:747:non_trivial:Regenerating PDB lines.
2024-04-03 17:00:10,098 WARNING:main.py:320:print_pqr:Ignoring 1535 header lines in output.
2024-04-03 17:00:10,098 WARNING:main.py:324:print_pqr:Ignoring 24 missing lines in output.
2024-04-03 17:07:31,402 INFO:main.py:240:print_splash_screen:PDB2PQR v3.6.2: biomolecular structure conversion software.
2024-04-03 17:07:31,402 INFO:main.py:242:print_splash_screen:Please cite:  Jurrus E, et al.  Improvements to the APBS biomolecular solvation software suite.  Protein Sci 27 112-128 (2018).
2024-04-03 17:07:31,402 INFO:main.py:242:print_splash_screen:Please cite:  Dolinsky TJ, et al.  PDB2PQR: expanding and upgrading automated preparation of biomolecular structures for molecular simulations. Nucleic Acids Res 35 W522-W525 (2007).
2024-04-03 17:07:31,402 INFO:main.py:768:main_driver:Checking and transforming input arguments.
2024-04-03 17:07:31,402 INFO:main.py:772:main_driver:Loading topology files.
2024-04-03 17:07:31,440 INFO:main.py:774:main_driver:Loading molecule: Pawan2/pdb_files/1FK7
2024-04-03 17:07:36,218 INFO:main.py:779:main_driver:Setting up molecule.
2024-04-03 17:07:36,231 WARNING:biomolecule.py:992:create_residue:Unable to find amino or nucleic acid definition for RCL.  Parsing as new residue.
2024-04-03 17:07:36,232 WARNING:biomolecule.py:992:create_residue:Unable to find amino or nucleic acid definition for FMT.  Parsing as new residue.
2024-04-03 17:07:36,233 INFO:main.py:417:setup_molecule:Created biomolecule object with 165 residues and 719 atoms.
2024-04-03 17:07:36,233 INFO:main.py:783:main_driver:Setting termini states for biomolecule chains.
2024-04-03 17:07:36,235 INFO:main.py:613:non_trivial:Loading forcefield.
2024-04-03 17:07:36,243 INFO:main.py:617:non_trivial:Loading hydrogen topology definitions.
2024-04-03 17:07:36,244 WARNING:biomolecule.py:157:num_missing_heavy:Missing atom OXT in residue ASN A 93
2024-04-03 17:07:36,244 WARNING:biomolecule.py:157:num_missing_heavy:Missing atom OXT in residue ASN A 93
2024-04-03 17:07:36,245 INFO:main.py:627:non_trivial:Attempting to repair 1 missing atoms in biomolecule.
2024-04-03 17:07:36,245 WARNING:biomolecule.py:157:num_missing_heavy:Missing atom OXT in residue ASN A 93
2024-04-03 17:07:36,245 INFO:biomolecule.py:1077:repair_heavy:Added atom OXT to residue ASN A 93 at coordinates 23.554, 49.915, 20.317
2024-04-03 17:07:36,245 INFO:main.py:632:non_trivial:Updating disulfide bridges.
2024-04-03 17:07:36,246 INFO:main.py:635:non_trivial:Debumping biomolecule.
2024-04-03 17:07:36,258 INFO:main.py:658:non_trivial:Adding hydrogens to biomolecule.
2024-04-03 17:07:36,323 INFO:main.py:661:non_trivial:Debumping biomolecule (again).
2024-04-03 17:07:36,389 INFO:main.py:663:non_trivial:Optimizing hydrogen bonds
2024-04-03 17:07:36,432 WARNING:debump.py:354:get_closest_atom:Skipped atom during water optimization: H2 in HOH A 316 skipped when optimizing H2 in HOH A 393
2024-04-03 17:07:36,433 WARNING:debump.py:354:get_closest_atom:Skipped atom during water optimization: H2 in HOH A 316 skipped when optimizing H2 in HOH A 393
2024-04-03 17:07:36,433 WARNING:debump.py:354:get_closest_atom:Skipped atom during water optimization: H2 in HOH A 316 skipped when optimizing H2 in HOH A 393
2024-04-03 17:07:36,433 WARNING:debump.py:354:get_closest_atom:Skipped atom during water optimization: H2 in HOH A 316 skipped when optimizing H2 in HOH A 393
2024-04-03 17:07:36,434 WARNING:debump.py:354:get_closest_atom:Skipped atom during water optimization: H2 in HOH A 316 skipped when optimizing H2 in HOH A 393
2024-04-03 17:07:36,434 WARNING:debump.py:354:get_closest_atom:Skipped atom during water optimization: H2 in HOH A 316 skipped when optimizing H2 in HOH A 393
2024-04-03 17:07:36,434 WARNING:debump.py:354:get_closest_atom:Skipped atom during water optimization: H2 in HOH A 316 skipped when optimizing H2 in HOH A 393
2024-04-03 17:07:36,435 WARNING:debump.py:354:get_closest_atom:Skipped atom during water optimization: H2 in HOH A 316 skipped when optimizing H2 in HOH A 393
2024-04-03 17:07:36,435 WARNING:debump.py:354:get_closest_atom:Skipped atom during water optimization: H2 in HOH A 316 skipped when optimizing H2 in HOH A 393
2024-04-03 17:07:36,435 WARNING:io.py:40:filter:Suppressing further "Skipped atom during water optimization" messages
2024-04-03 17:07:37,212 INFO:main.py:675:non_trivial:Applying force field to biomolecule states.
2024-04-03 17:07:37,214 INFO:main.py:722:non_trivial:Regenerating headers.
2024-04-03 17:07:37,214 INFO:main.py:747:non_trivial:Regenerating PDB lines.
2024-04-03 17:07:37,220 WARNING:main.py:320:print_pqr:Ignoring 1535 header lines in output.
2024-04-03 17:07:37,220 WARNING:main.py:324:print_pqr:Ignoring 24 missing lines in output.
