2024-04-03 17:00:10,261 INFO:main.py:240:print_splash_screen:PDB2PQR v3.6.2: biomolecular structure conversion software.
2024-04-03 17:00:10,261 INFO:main.py:242:print_splash_screen:Please cite:  Jurrus E, et al.  Improvements to the APBS biomolecular solvation software suite.  Protein Sci 27 112-128 (2018).
2024-04-03 17:00:10,261 INFO:main.py:242:print_splash_screen:Please cite:  Dolinsky TJ, et al.  PDB2PQR: expanding and upgrading automated preparation of biomolecular structures for molecular simulations. Nucleic Acids Res 35 W522-W525 (2007).
2024-04-03 17:00:10,261 INFO:main.py:768:main_driver:Checking and transforming input arguments.
2024-04-03 17:00:10,261 INFO:main.py:772:main_driver:Loading topology files.
2024-04-03 17:00:10,300 INFO:main.py:774:main_driver:Loading molecule: Pawan2/pdb_files/1MZM
2024-04-03 17:00:15,565 INFO:main.py:779:main_driver:Setting up molecule.
2024-04-03 17:00:15,568 WARNING:biomolecule.py:992:create_residue:Unable to find amino or nucleic acid definition for PLM.  Parsing as new residue.
2024-04-03 17:00:15,568 WARNING:biomolecule.py:992:create_residue:Unable to find amino or nucleic acid definition for FMT.  Parsing as new residue.
2024-04-03 17:00:15,568 INFO:main.py:417:setup_molecule:Created biomolecule object with 163 residues and 715 atoms.
2024-04-03 17:00:15,568 INFO:main.py:783:main_driver:Setting termini states for biomolecule chains.
2024-04-03 17:00:15,570 INFO:main.py:613:non_trivial:Loading forcefield.
2024-04-03 17:00:15,577 INFO:main.py:617:non_trivial:Loading hydrogen topology definitions.
2024-04-03 17:00:15,578 INFO:main.py:468:is_repairable:This biomolecule is clean.  No repair needed.
2024-04-03 17:00:15,578 INFO:main.py:632:non_trivial:Updating disulfide bridges.
2024-04-03 17:00:15,579 INFO:main.py:635:non_trivial:Debumping biomolecule.
2024-04-03 17:00:15,590 INFO:main.py:658:non_trivial:Adding hydrogens to biomolecule.
2024-04-03 17:00:15,651 INFO:main.py:661:non_trivial:Debumping biomolecule (again).
2024-04-03 17:00:15,717 INFO:main.py:663:non_trivial:Optimizing hydrogen bonds
2024-04-03 17:00:15,774 WARNING:debump.py:354:get_closest_atom:Skipped atom during water optimization: H1 in HOH A 147 skipped when optimizing H2 in HOH A 121
2024-04-03 17:00:15,775 WARNING:debump.py:354:get_closest_atom:Skipped atom during water optimization: H1 in HOH A 147 skipped when optimizing H2 in HOH A 121
2024-04-03 17:00:15,775 WARNING:debump.py:354:get_closest_atom:Skipped atom during water optimization: H1 in HOH A 147 skipped when optimizing H2 in HOH A 121
2024-04-03 17:00:15,775 WARNING:debump.py:354:get_closest_atom:Skipped atom during water optimization: H1 in HOH A 147 skipped when optimizing H2 in HOH A 121
2024-04-03 17:00:15,775 WARNING:debump.py:354:get_closest_atom:Skipped atom during water optimization: H1 in HOH A 147 skipped when optimizing H2 in HOH A 121
2024-04-03 17:00:15,776 WARNING:debump.py:354:get_closest_atom:Skipped atom during water optimization: H1 in HOH A 147 skipped when optimizing H2 in HOH A 121
2024-04-03 17:00:15,776 WARNING:debump.py:354:get_closest_atom:Skipped atom during water optimization: H1 in HOH A 147 skipped when optimizing H2 in HOH A 121
2024-04-03 17:00:15,776 WARNING:debump.py:354:get_closest_atom:Skipped atom during water optimization: H1 in HOH A 147 skipped when optimizing H2 in HOH A 121
2024-04-03 17:00:15,776 WARNING:debump.py:354:get_closest_atom:Skipped atom during water optimization: H1 in HOH A 147 skipped when optimizing H2 in HOH A 121
2024-04-03 17:00:15,777 WARNING:io.py:40:filter:Suppressing further "Skipped atom during water optimization" messages
2024-04-03 17:00:16,584 INFO:main.py:675:non_trivial:Applying force field to biomolecule states.
2024-04-03 17:00:16,585 INFO:main.py:722:non_trivial:Regenerating headers.
2024-04-03 17:00:16,585 INFO:main.py:747:non_trivial:Regenerating PDB lines.
2024-04-03 17:00:16,591 WARNING:main.py:320:print_pqr:Ignoring 1429 header lines in output.
2024-04-03 17:00:16,591 WARNING:main.py:324:print_pqr:Ignoring 21 missing lines in output.
