2024-04-03 12:33:53,683 INFO:main.py:240:print_splash_screen:PDB2PQR v3.6.2: biomolecular structure conversion software.
2024-04-03 12:33:53,683 INFO:main.py:242:print_splash_screen:Please cite:  Jurrus E, et al.  Improvements to the APBS biomolecular solvation software suite.  Protein Sci 27 112-128 (2018).
2024-04-03 12:33:53,684 INFO:main.py:242:print_splash_screen:Please cite:  Dolinsky TJ, et al.  PDB2PQR: expanding and upgrading automated preparation of biomolecular structures for molecular simulations. Nucleic Acids Res 35 W522-W525 (2007).
2024-04-03 12:33:53,684 INFO:main.py:768:main_driver:Checking and transforming input arguments.
2024-04-03 12:33:53,684 INFO:main.py:772:main_driver:Loading topology files.
2024-04-03 12:33:53,814 INFO:main.py:774:main_driver:Loading molecule: Pawan/pdb_files/1MZL
2024-04-03 12:33:58,803 INFO:main.py:779:main_driver:Setting up molecule.
2024-04-03 12:33:58,806 INFO:main.py:417:setup_molecule:Created biomolecule object with 144 residues and 677 atoms.
2024-04-03 12:33:58,806 INFO:main.py:783:main_driver:Setting termini states for biomolecule chains.
2024-04-03 12:33:58,808 INFO:main.py:613:non_trivial:Loading forcefield.
2024-04-03 12:33:58,848 INFO:main.py:617:non_trivial:Loading hydrogen topology definitions.
2024-04-03 12:33:58,850 INFO:main.py:468:is_repairable:This biomolecule is clean.  No repair needed.
2024-04-03 12:33:58,850 INFO:main.py:632:non_trivial:Updating disulfide bridges.
2024-04-03 12:33:58,852 INFO:main.py:635:non_trivial:Debumping biomolecule.
2024-04-03 12:33:58,869 INFO:main.py:658:non_trivial:Adding hydrogens to biomolecule.
2024-04-03 12:33:58,943 INFO:main.py:661:non_trivial:Debumping biomolecule (again).
2024-04-03 12:33:59,012 INFO:main.py:663:non_trivial:Optimizing hydrogen bonds
2024-04-03 12:33:59,144 WARNING:debump.py:354:get_closest_atom:Skipped atom during water optimization: H2 in HOH A 117 skipped when optimizing H1 in HOH A 111
2024-04-03 12:33:59,144 WARNING:debump.py:354:get_closest_atom:Skipped atom during water optimization: H2 in HOH A 117 skipped when optimizing H1 in HOH A 111
2024-04-03 12:33:59,145 WARNING:debump.py:354:get_closest_atom:Skipped atom during water optimization: H2 in HOH A 117 skipped when optimizing H1 in HOH A 111
2024-04-03 12:33:59,145 WARNING:debump.py:354:get_closest_atom:Skipped atom during water optimization: H2 in HOH A 117 skipped when optimizing H1 in HOH A 111
2024-04-03 12:33:59,146 WARNING:debump.py:354:get_closest_atom:Skipped atom during water optimization: H2 in HOH A 117 skipped when optimizing H1 in HOH A 111
2024-04-03 12:33:59,146 WARNING:debump.py:354:get_closest_atom:Skipped atom during water optimization: H2 in HOH A 117 skipped when optimizing H1 in HOH A 111
2024-04-03 12:33:59,169 WARNING:debump.py:354:get_closest_atom:Skipped atom during water optimization: LP1 in HOH A 98 skipped when optimizing H2 in HOH A 115
2024-04-03 12:33:59,169 WARNING:debump.py:354:get_closest_atom:Skipped atom during water optimization: LP1 in HOH A 98 skipped when optimizing H2 in HOH A 115
2024-04-03 12:33:59,170 WARNING:debump.py:354:get_closest_atom:Skipped atom during water optimization: LP1 in HOH A 98 skipped when optimizing H2 in HOH A 115
2024-04-03 12:33:59,170 WARNING:io.py:40:filter:Suppressing further "Skipped atom during water optimization" messages
2024-04-03 12:33:59,697 INFO:main.py:675:non_trivial:Applying force field to biomolecule states.
2024-04-03 12:33:59,698 INFO:main.py:722:non_trivial:Regenerating headers.
2024-04-03 12:33:59,699 INFO:main.py:747:non_trivial:Regenerating PDB lines.
2024-04-03 12:33:59,704 WARNING:main.py:320:print_pqr:Ignoring 390 header lines in output.
